<?xml version="1.0" encoding="UTF-8" ?>
<testsuite tests="20" failures="0" name="runner.RunSuite" time="0.004" errors="0" skipped="0">
  <properties>
    <property name="java.runtime.name" value="Java(TM) SE Runtime Environment"/>
    <property name="sun.boot.library.path" value="/Library/Java/JavaVirtualMachines/jdk1.8.0_65.jdk/Contents/Home/jre/lib"/>
    <property name="java.vm.version" value="25.65-b01"/>
    <property name="gopherProxySet" value="false"/>
    <property name="java.vm.vendor" value="Oracle Corporation"/>
    <property name="maven.multiModuleProjectDirectory" value="/Users/azammohammed/hmrc-development-environment/api-testing-example"/>
    <property name="java.vendor.url" value="http://java.oracle.com/"/>
    <property name="path.separator" value=":"/>
    <property name="guice.disable.misplaced.annotation.check" value="true"/>
    <property name="java.vm.name" value="Java HotSpot(TM) 64-Bit Server VM"/>
    <property name="file.encoding.pkg" value="sun.io"/>
    <property name="user.country" value="GB"/>
    <property name="sun.java.launcher" value="SUN_STANDARD"/>
    <property name="sun.os.patch.level" value="unknown"/>
    <property name="test" value="RunSuite"/>
    <property name="java.vm.specification.name" value="Java Virtual Machine Specification"/>
    <property name="user.dir" value="/Users/azammohammed/hmrc-development-environment/api-testing-example"/>
    <property name="java.runtime.version" value="1.8.0_65-b17"/>
    <property name="java.awt.graphicsenv" value="sun.awt.CGraphicsEnvironment"/>
    <property name="java.endorsed.dirs" value="/Library/Java/JavaVirtualMachines/jdk1.8.0_65.jdk/Contents/Home/jre/lib/endorsed"/>
    <property name="os.arch" value="x86_64"/>
    <property name="java.io.tmpdir" value="/var/folders/qp/n8f0jdk11lndxj1tzz_n_sh40000gn/T/"/>
    <property name="line.separator" value="
"/>
    <property name="java.vm.specification.vendor" value="Oracle Corporation"/>
    <property name="os.name" value="Mac OS X"/>
    <property name="classworlds.conf" value="/usr/local/Cellar/maven/3.3.3/libexec/bin/m2.conf"/>
    <property name="sun.jnu.encoding" value="UTF-8"/>
    <property name="java.library.path" value="/Users/azammohammed/Library/Java/Extensions:/Library/Java/Extensions:/Network/Library/Java/Extensions:/System/Library/Java/Extensions:/usr/lib/java:."/>
    <property name="java.specification.name" value="Java Platform API Specification"/>
    <property name="java.class.version" value="52.0"/>
    <property name="sun.management.compiler" value="HotSpot 64-Bit Tiered Compilers"/>
    <property name="os.version" value="10.12.1"/>
    <property name="http.nonProxyHosts" value="local|*.local|169.254/16|*.169.254/16"/>
    <property name="user.home" value="/Users/azammohammed"/>
    <property name="user.timezone" value="Europe/London"/>
    <property name="java.awt.printerjob" value="sun.lwawt.macosx.CPrinterJob"/>
    <property name="java.specification.version" value="1.8"/>
    <property name="file.encoding" value="UTF-8"/>
    <property name="user.name" value="azammohammed"/>
    <property name="java.class.path" value="/usr/local/Cellar/maven/3.3.3/libexec/boot/plexus-classworlds-2.5.2.jar"/>
    <property name="java.vm.specification.version" value="1.8"/>
    <property name="sun.arch.data.model" value="64"/>
    <property name="java.home" value="/Library/Java/JavaVirtualMachines/jdk1.8.0_65.jdk/Contents/Home/jre"/>
    <property name="sun.java.command" value="org.codehaus.plexus.classworlds.launcher.Launcher test -Dtest=RunSuite -Denvironment=dev"/>
    <property name="java.specification.vendor" value="Oracle Corporation"/>
    <property name="user.language" value="en"/>
    <property name="awt.toolkit" value="sun.lwawt.macosx.LWCToolkit"/>
    <property name="java.vm.info" value="mixed mode"/>
    <property name="java.version" value="1.8.0_65"/>
    <property name="java.ext.dirs" value="/Users/azammohammed/Library/Java/Extensions:/Library/Java/JavaVirtualMachines/jdk1.8.0_65.jdk/Contents/Home/jre/lib/ext:/Library/Java/Extensions:/Network/Library/Java/Extensions:/System/Library/Java/Extensions:/usr/lib/java"/>
    <property name="sun.boot.class.path" value="/Library/Java/JavaVirtualMachines/jdk1.8.0_65.jdk/Contents/Home/jre/lib/resources.jar:/Library/Java/JavaVirtualMachines/jdk1.8.0_65.jdk/Contents/Home/jre/lib/rt.jar:/Library/Java/JavaVirtualMachines/jdk1.8.0_65.jdk/Contents/Home/jre/lib/sunrsasign.jar:/Library/Java/JavaVirtualMachines/jdk1.8.0_65.jdk/Contents/Home/jre/lib/jsse.jar:/Library/Java/JavaVirtualMachines/jdk1.8.0_65.jdk/Contents/Home/jre/lib/jce.jar:/Library/Java/JavaVirtualMachines/jdk1.8.0_65.jdk/Contents/Home/jre/lib/charsets.jar:/Library/Java/JavaVirtualMachines/jdk1.8.0_65.jdk/Contents/Home/jre/lib/jfr.jar:/Library/Java/JavaVirtualMachines/jdk1.8.0_65.jdk/Contents/Home/jre/classes"/>
    <property name="java.vendor" value="Oracle Corporation"/>
    <property name="environment" value="dev"/>
    <property name="maven.home" value="/usr/local/Cellar/maven/3.3.3/libexec"/>
    <property name="file.separator" value="/"/>
    <property name="java.vendor.url.bug" value="http://bugreport.sun.com/bugreport/"/>
    <property name="sun.cpu.endian" value="little"/>
    <property name="sun.io.unicode.encoding" value="UnicodeBig"/>
    <property name="socksNonProxyHosts" value="local|*.local|169.254/16|*.169.254/16"/>
    <property name="ftp.nonProxyHosts" value="local|*.local|169.254/16|*.169.254/16"/>
    <property name="sun.cpu.isalist" value=""/>
  </properties>
  <testcase classname="Scenario: Verify the delete request send by rest api" name="Given User wants to delete registration by id &quot;987654321&quot;" time="0.001"/>
  <testcase classname="Scenario: Verify the delete request send by rest api" name="Then User should receive &quot;200&quot; as Status code" time="0"/>
  <testcase classname="Scenario: Verify the delete request send by rest api" name="And User should receive following response body" time="0"/>
  <testcase classname="Scenario: Verify the delete request send by rest api" name="And User should receive following response body key and types" time="0"/>
  <testcase classname="Scenario: Verify the delete request send by rest api" name="Scenario: Verify the delete request send by rest api" time="0.001"/>
  <testcase classname="Scenario: User wants to get registration by id" name="Given User requests for registration detail for id &quot;123456789&quot;" time="0"/>
  <testcase classname="Scenario: User wants to get registration by id" name="Then User should receive &quot;200&quot; as Status code" time="0"/>
  <testcase classname="Scenario: User wants to get registration by id" name="And User should receive following response body" time="0"/>
  <testcase classname="Scenario: User wants to get registration by id" name="And User should receive following response body key and types" time="0"/>
  <testcase classname="Scenario: User wants to get registration by id" name="Scenario: User wants to get registration by id" time="0"/>
  <testcase classname="Scenario: Verify the post request send by rest api" name="Given User sends the following parameters as a registration object as a POST request" time="0"/>
  <testcase classname="Scenario: Verify the post request send by rest api" name="Then User should receive &quot;200&quot; as Status code" time="0.001"/>
  <testcase classname="Scenario: Verify the post request send by rest api" name="And User should receive following response body" time="0"/>
  <testcase classname="Scenario: Verify the post request send by rest api" name="And User should receive following response body key and types" time="0"/>
  <testcase classname="Scenario: Verify the post request send by rest api" name="Scenario: Verify the post request send by rest api" time="0"/>
  <testcase classname="Scenario: Verify the put request send by rest api" name="Given User sends the following parameters as a registration object as a PUT request" time="0"/>
  <testcase classname="Scenario: Verify the put request send by rest api" name="Then User should receive &quot;200&quot; as Status code" time="0"/>
  <testcase classname="Scenario: Verify the put request send by rest api" name="And User should receive following response body" time="0"/>
  <testcase classname="Scenario: Verify the put request send by rest api" name="And User should receive following response body key and types" time="0"/>
  <testcase classname="Scenario: Verify the put request send by rest api" name="Scenario: Verify the put request send by rest api" time="0.001"/>
</testsuite>